  test 2.c
C:\Program Files (x86)\Microsoft Visual Studio\2019\Code\kindsofcoding\test 2\test 2.c(3423,13): warning C4013: “Add”未定义；假设外部返回 int
test 2.obj : error LNK2019: 无法解析的外部符号 _Add，函数 _main 中引用了该符号
C:\Program Files (x86)\Microsoft Visual Studio\2019\Code\kindsofcoding\test 2\Debug\test 2.exe : fatal error LNK1120: 1 个无法解析的外部命令
